This is pdfTeX, Version 3.141592653-2.6-1.40.25 (TeX Live 2023) (preloaded format=pdflatex 2023.3.27)  4 NOV 2023 11:44
entering extended mode
 restricted \write18 enabled.
 file:line:error style messages enabled.
 %&-line parsing enabled.
**/Users/junseo/physics/taylor/problems/problems.tex
(/Users/junseo/physics/taylor/problems/problems.tex
LaTeX2e <2022-11-01> patch level 1
L3 programming layer <2023-02-22> (/usr/local/texlive/2023/texmf-dist/tex/latex/base/article.cls
Document Class: article 2022/07/02 v1.4n Standard LaTeX document class
(/usr/local/texlive/2023/texmf-dist/tex/latex/base/size10.clo
File: size10.clo 2022/07/02 v1.4n Standard LaTeX file (size option)
)
\c@part=\count185
\c@section=\count186
\c@subsection=\count187
\c@subsubsection=\count188
\c@paragraph=\count189
\c@subparagraph=\count190
\c@figure=\count191
\c@table=\count192
\abovecaptionskip=\skip48
\belowcaptionskip=\skip49
\bibindent=\dimen140
) (./custom.sty
Package: custom 
 (/usr/local/texlive/2023/texmf-dist/tex/latex/geometry/geometry.sty
Package: geometry 2020/01/02 v5.9 Page Geometry
 (/usr/local/texlive/2023/texmf-dist/tex/latex/graphics/keyval.sty
Package: keyval 2022/05/29 v1.15 key=value parser (DPC)
\KV@toks@=\toks16
) (/usr/local/texlive/2023/texmf-dist/tex/generic/iftex/ifvtex.sty
Package: ifvtex 2019/10/25 v1.7 ifvtex legacy package. Use iftex instead.
 (/usr/local/texlive/2023/texmf-dist/tex/generic/iftex/iftex.sty
Package: iftex 2022/02/03 v1.0f TeX engine tests
))
\Gm@cnth=\count193
\Gm@cntv=\count194
\c@Gm@tempcnt=\count195
\Gm@bindingoffset=\dimen141
\Gm@wd@mp=\dimen142
\Gm@odd@mp=\dimen143
\Gm@even@mp=\dimen144
\Gm@layoutwidth=\dimen145
\Gm@layoutheight=\dimen146
\Gm@layouthoffset=\dimen147
\Gm@layoutvoffset=\dimen148
\Gm@dimlist=\toks17
) (/usr/local/texlive/2023/texmf-dist/tex/latex/xcolor/xcolor.sty
Package: xcolor 2022/06/12 v2.14 LaTeX color extensions (UK)
 (/usr/local/texlive/2023/texmf-dist/tex/latex/graphics-cfg/color.cfg
File: color.cfg 2016/01/02 v1.6 sample color configuration
)
Package xcolor Info: Driver file: pdftex.def on input line 227.
 (/usr/local/texlive/2023/texmf-dist/tex/latex/graphics-def/pdftex.def
File: pdftex.def 2022/09/22 v1.2b Graphics/color driver for pdftex
) (/usr/local/texlive/2023/texmf-dist/tex/latex/graphics/mathcolor.ltx)
Package xcolor Info: Model `cmy' substituted by `cmy0' on input line 1353.
Package xcolor Info: Model `hsb' substituted by `rgb' on input line 1357.
Package xcolor Info: Model `RGB' extended on input line 1369.
Package xcolor Info: Model `HTML' substituted by `rgb' on input line 1371.
Package xcolor Info: Model `Hsb' substituted by `hsb' on input line 1372.
Package xcolor Info: Model `tHsb' substituted by `hsb' on input line 1373.
Package xcolor Info: Model `HSB' substituted by `hsb' on input line 1374.
Package xcolor Info: Model `Gray' substituted by `gray' on input line 1375.
Package xcolor Info: Model `wave' substituted by `hsb' on input line 1376.
 (/usr/local/texlive/2023/texmf-dist/tex/latex/graphics/dvipsnam.def
File: dvipsnam.def 2016/06/17 v3.0m Driver-dependent file (DPC,SPQR)
)) (/usr/local/texlive/2023/texmf-dist/tex/latex/physics/physics.sty
Package: physics 
 (/usr/local/texlive/2023/texmf-dist/tex/latex/l3packages/xparse/xparse.sty (/usr/local/texlive/2023/texmf-dist/tex/latex/l3kernel/expl3.sty
Package: expl3 2023-02-22 L3 programming layer (loader) 
 (/usr/local/texlive/2023/texmf-dist/tex/latex/l3backend/l3backend-pdftex.def
File: l3backend-pdftex.def 2023-01-16 L3 backend support: PDF output (pdfTeX)
\l__color_backend_stack_int=\count196
\l__pdf_internal_box=\box51
))
Package: xparse 2023-02-02 L3 Experimental document command parser
) (/usr/local/texlive/2023/texmf-dist/tex/latex/amsmath/amsmath.sty
Package: amsmath 2022/04/08 v2.17n AMS math features
\@mathmargin=\skip50

For additional information on amsmath, use the `?' option.
(/usr/local/texlive/2023/texmf-dist/tex/latex/amsmath/amstext.sty
Package: amstext 2021/08/26 v2.01 AMS text
 (/usr/local/texlive/2023/texmf-dist/tex/latex/amsmath/amsgen.sty
File: amsgen.sty 1999/11/30 v2.0 generic functions
\@emptytoks=\toks18
\ex@=\dimen149
)) (/usr/local/texlive/2023/texmf-dist/tex/latex/amsmath/amsbsy.sty
Package: amsbsy 1999/11/29 v1.2d Bold Symbols
\pmbraise@=\dimen150
) (/usr/local/texlive/2023/texmf-dist/tex/latex/amsmath/amsopn.sty
Package: amsopn 2022/04/08 v2.04 operator names
)
\inf@bad=\count197
LaTeX Info: Redefining \frac on input line 234.
\uproot@=\count198
\leftroot@=\count199
LaTeX Info: Redefining \overline on input line 399.
LaTeX Info: Redefining \colon on input line 410.
\classnum@=\count266
\DOTSCASE@=\count267
LaTeX Info: Redefining \ldots on input line 496.
LaTeX Info: Redefining \dots on input line 499.
LaTeX Info: Redefining \cdots on input line 620.
\Mathstrutbox@=\box52
\strutbox@=\box53
LaTeX Info: Redefining \big on input line 722.
LaTeX Info: Redefining \Big on input line 723.
LaTeX Info: Redefining \bigg on input line 724.
LaTeX Info: Redefining \Bigg on input line 725.
\big@size=\dimen151
LaTeX Font Info:    Redeclaring font encoding OML on input line 743.
LaTeX Font Info:    Redeclaring font encoding OMS on input line 744.
\macc@depth=\count268
LaTeX Info: Redefining \bmod on input line 905.
LaTeX Info: Redefining \pmod on input line 910.
LaTeX Info: Redefining \smash on input line 940.
LaTeX Info: Redefining \relbar on input line 970.
LaTeX Info: Redefining \Relbar on input line 971.
\c@MaxMatrixCols=\count269
\dotsspace@=\muskip16
\c@parentequation=\count270
\dspbrk@lvl=\count271
\tag@help=\toks19
\row@=\count272
\column@=\count273
\maxfields@=\count274
\andhelp@=\toks20
\eqnshift@=\dimen152
\alignsep@=\dimen153
\tagshift@=\dimen154
\tagwidth@=\dimen155
\totwidth@=\dimen156
\lineht@=\dimen157
\@envbody=\toks21
\multlinegap=\skip51
\multlinetaggap=\skip52
\mathdisplay@stack=\toks22
LaTeX Info: Redefining \[ on input line 2953.
LaTeX Info: Redefining \] on input line 2954.
)) (/usr/local/texlive/2023/texmf-dist/tex/latex/siunitx/siunitx.sty
Package: siunitx 2023-03-04 v3.2.2 A comprehensive (SI) units package
\l__siunitx_angle_tmp_dim=\dimen158
\l__siunitx_angle_marker_box=\box54
\l__siunitx_angle_unit_box=\box55
\l__siunitx_compound_count_int=\count275
 (/usr/local/texlive/2023/texmf-dist/tex/latex/translations/translations.sty
Package: translations 2022/02/05 v1.12 internationalization of LaTeX2e packages (CN)
 (/usr/local/texlive/2023/texmf-dist/tex/latex/etoolbox/etoolbox.sty
Package: etoolbox 2020/10/05 v2.5k e-TeX tools for LaTeX (JAW)
\etb@tempcnta=\count276
) (/usr/local/texlive/2023/texmf-dist/tex/generic/pdftexcmds/pdftexcmds.sty
Package: pdftexcmds 2020-06-27 v0.33 Utility functions of pdfTeX for LuaTeX (HO)
 (/usr/local/texlive/2023/texmf-dist/tex/generic/infwarerr/infwarerr.sty
Package: infwarerr 2019/12/03 v1.5 Providing info/warning/error messages (HO)
) (/usr/local/texlive/2023/texmf-dist/tex/generic/ltxcmds/ltxcmds.sty
Package: ltxcmds 2020-05-10 v1.25 LaTeX kernel commands for general use (HO)
)
Package pdftexcmds Info: \pdf@primitive is available.
Package pdftexcmds Info: \pdf@ifprimitive is available.
Package pdftexcmds Info: \pdfdraftmode found.
))
\l__siunitx_number_exponent_fixed_int=\count277
\l__siunitx_number_min_decimal_int=\count278
\l__siunitx_number_min_integer_int=\count279
\l__siunitx_number_round_precision_int=\count280
\l__siunitx_number_lower_threshold_int=\count281
\l__siunitx_number_upper_threshold_int=\count282
\l__siunitx_number_group_first_int=\count283
\l__siunitx_number_group_size_int=\count284
\l__siunitx_number_group_minimum_int=\count285
\l__siunitx_table_tmp_box=\box56
\l__siunitx_table_tmp_dim=\dimen159
\l__siunitx_table_column_width_dim=\dimen160
\l__siunitx_table_integer_box=\box57
\l__siunitx_table_decimal_box=\box58
\l__siunitx_table_uncert_box=\box59
\l__siunitx_table_before_box=\box60
\l__siunitx_table_after_box=\box61
\l__siunitx_table_before_dim=\dimen161
\l__siunitx_table_carry_dim=\dimen162
\l__siunitx_unit_tmp_int=\count286
\l__siunitx_unit_position_int=\count287
\l__siunitx_unit_total_int=\count288
 (/usr/local/texlive/2023/texmf-dist/tex/latex/tools/array.sty
Package: array 2022/09/04 v2.5g Tabular extension package (FMi)
\col@sep=\dimen163
\ar@mcellbox=\box62
\extrarowheight=\dimen164
\NC@list=\toks23
\extratabsurround=\skip53
\backup@length=\skip54
\ar@cellbox=\box63
)) (/usr/local/texlive/2023/texmf-dist/tex/latex/esint/esint.sty
Package: esint 
\symlargesymbolsA=\mathgroup4
) (/usr/local/texlive/2023/texmf-dist/tex/latex/import/import.sty
Package: import 2020/04/01  v 6.2
) (/usr/local/texlive/2023/texmf-dist/tex/latex/hyperref/hyperref.sty
Package: hyperref 2023-02-07 v7.00v Hypertext links for LaTeX
 (/usr/local/texlive/2023/texmf-dist/tex/latex/kvsetkeys/kvsetkeys.sty
Package: kvsetkeys 2022-10-05 v1.19 Key value parser (HO)
) (/usr/local/texlive/2023/texmf-dist/tex/generic/kvdefinekeys/kvdefinekeys.sty
Package: kvdefinekeys 2019-12-19 v1.6 Define keys (HO)
) (/usr/local/texlive/2023/texmf-dist/tex/generic/pdfescape/pdfescape.sty
Package: pdfescape 2019/12/09 v1.15 Implements pdfTeX's escape features (HO)
) (/usr/local/texlive/2023/texmf-dist/tex/latex/hycolor/hycolor.sty
Package: hycolor 2020-01-27 v1.10 Color options for hyperref/bookmark (HO)
) (/usr/local/texlive/2023/texmf-dist/tex/latex/letltxmacro/letltxmacro.sty
Package: letltxmacro 2019/12/03 v1.6 Let assignment for LaTeX macros (HO)
) (/usr/local/texlive/2023/texmf-dist/tex/latex/auxhook/auxhook.sty
Package: auxhook 2019-12-17 v1.6 Hooks for auxiliary files (HO)
) (/usr/local/texlive/2023/texmf-dist/tex/latex/hyperref/nameref.sty
Package: nameref 2022-05-17 v2.50 Cross-referencing by name of section
 (/usr/local/texlive/2023/texmf-dist/tex/latex/refcount/refcount.sty
Package: refcount 2019/12/15 v3.6 Data extraction from label references (HO)
) (/usr/local/texlive/2023/texmf-dist/tex/generic/gettitlestring/gettitlestring.sty
Package: gettitlestring 2019/12/15 v1.6 Cleanup title references (HO)
 (/usr/local/texlive/2023/texmf-dist/tex/latex/kvoptions/kvoptions.sty
Package: kvoptions 2022-06-15 v3.15 Key value format for package options (HO)
))
\c@section@level=\count289
)
\@linkdim=\dimen165
\Hy@linkcounter=\count290
\Hy@pagecounter=\count291
 (/usr/local/texlive/2023/texmf-dist/tex/latex/hyperref/pd1enc.def
File: pd1enc.def 2023-02-07 v7.00v Hyperref: PDFDocEncoding definition (HO)
Now handling font encoding PD1 ...
... no UTF-8 mapping file for font encoding PD1
) (/usr/local/texlive/2023/texmf-dist/tex/generic/intcalc/intcalc.sty
Package: intcalc 2019/12/15 v1.3 Expandable calculations with integers (HO)
) (/usr/local/texlive/2023/texmf-dist/tex/generic/etexcmds/etexcmds.sty
Package: etexcmds 2019/12/15 v1.7 Avoid name clashes with e-TeX commands (HO)
)
\Hy@SavedSpaceFactor=\count292
 (/usr/local/texlive/2023/texmf-dist/tex/latex/hyperref/puenc.def
File: puenc.def 2023-02-07 v7.00v Hyperref: PDF Unicode definition (HO)
Now handling font encoding PU ...
... no UTF-8 mapping file for font encoding PU
)
Package hyperref Info: Hyper figures OFF on input line 4177.
Package hyperref Info: Link nesting OFF on input line 4182.
Package hyperref Info: Hyper index ON on input line 4185.
Package hyperref Info: Plain pages OFF on input line 4192.
Package hyperref Info: Backreferencing OFF on input line 4197.
Package hyperref Info: Implicit mode ON; LaTeX internals redefined.
Package hyperref Info: Bookmarks ON on input line 4425.
\c@Hy@tempcnt=\count293
 (/usr/local/texlive/2023/texmf-dist/tex/latex/url/url.sty
\Urlmuskip=\muskip17
Package: url 2013/09/16  ver 3.4  Verb mode for urls, etc.
)
LaTeX Info: Redefining \url on input line 4763.
\XeTeXLinkMargin=\dimen166
 (/usr/local/texlive/2023/texmf-dist/tex/generic/bitset/bitset.sty
Package: bitset 2019/12/09 v1.3 Handle bit-vector datatype (HO)
 (/usr/local/texlive/2023/texmf-dist/tex/generic/bigintcalc/bigintcalc.sty
Package: bigintcalc 2019/12/15 v1.5 Expandable calculations on big integers (HO)
))
\Fld@menulength=\count294
\Field@Width=\dimen167
\Fld@charsize=\dimen168
Package hyperref Info: Hyper figures OFF on input line 6042.
Package hyperref Info: Link nesting OFF on input line 6047.
Package hyperref Info: Hyper index ON on input line 6050.
Package hyperref Info: backreferencing OFF on input line 6057.
Package hyperref Info: Link coloring OFF on input line 6062.
Package hyperref Info: Link coloring with OCG OFF on input line 6067.
Package hyperref Info: PDF/A mode OFF on input line 6072.
 (/usr/local/texlive/2023/texmf-dist/tex/latex/base/atbegshi-ltx.sty
Package: atbegshi-ltx 2021/01/10 v1.0c Emulation of the original atbegshi
package with kernel methods
)
\Hy@abspage=\count295
\c@Item=\count296
\c@Hfootnote=\count297
)
Package hyperref Info: Driver (autodetected): hpdftex.
 (/usr/local/texlive/2023/texmf-dist/tex/latex/hyperref/hpdftex.def
File: hpdftex.def 2023-02-07 v7.00v Hyperref driver for pdfTeX
 (/usr/local/texlive/2023/texmf-dist/tex/latex/base/atveryend-ltx.sty
Package: atveryend-ltx 2020/08/19 v1.0a Emulation of the original atveryend package
with kernel methods
)
\Fld@listcount=\count298
\c@bookmark@seq@number=\count299
 (/usr/local/texlive/2023/texmf-dist/tex/latex/rerunfilecheck/rerunfilecheck.sty
Package: rerunfilecheck 2022-07-10 v1.10 Rerun checks for auxiliary files (HO)
 (/usr/local/texlive/2023/texmf-dist/tex/generic/uniquecounter/uniquecounter.sty
Package: uniquecounter 2019/12/15 v1.4 Provide unlimited unique counter (HO)
)
Package uniquecounter Info: New unique counter `rerunfilecheck' on input line 285.
)
\Hy@SectionHShift=\skip55
)
Package hyperref Info: Option `colorlinks' set `true' on input line 26.
 (/usr/local/texlive/2023/texmf-dist/tex/latex/graphics/graphicx.sty
Package: graphicx 2021/09/16 v1.2d Enhanced LaTeX Graphics (DPC,SPQR)
 (/usr/local/texlive/2023/texmf-dist/tex/latex/graphics/graphics.sty
Package: graphics 2022/03/10 v1.4e Standard LaTeX Graphics (DPC,SPQR)
 (/usr/local/texlive/2023/texmf-dist/tex/latex/graphics/trig.sty
Package: trig 2021/08/11 v1.11 sin cos tan (DPC)
) (/usr/local/texlive/2023/texmf-dist/tex/latex/graphics-cfg/graphics.cfg
File: graphics.cfg 2016/06/04 v1.11 sample graphics configuration
)
Package graphics Info: Driver file: pdftex.def on input line 107.
)
\Gin@req@height=\dimen169
\Gin@req@width=\dimen170
) (/usr/local/texlive/2023/texmf-dist/tex/latex/caption/caption.sty
Package: caption 2023/03/12 v3.6j Customizing captions (AR)
 (/usr/local/texlive/2023/texmf-dist/tex/latex/caption/caption3.sty
Package: caption3 2023/03/12 v2.4 caption3 kernel (AR)
\caption@tempdima=\dimen171
\captionmargin=\dimen172
\caption@leftmargin=\dimen173
\caption@rightmargin=\dimen174
\caption@width=\dimen175
\caption@indent=\dimen176
\caption@parindent=\dimen177
\caption@hangindent=\dimen178
Package caption Info: Standard document class detected.
)
\c@caption@flags=\count300
\c@continuedfloat=\count301
Package caption Info: hyperref package is loaded.
) (/usr/local/texlive/2023/texmf-dist/tex/latex/caption/subcaption.sty
Package: subcaption 2023/02/19 v1.6 Sub-captions (AR)
Package caption Info: New subtype `subfigure' on input line 239.
\c@subfigure=\count302
Package caption Info: New subtype `subtable' on input line 239.
\c@subtable=\count303
) (/usr/local/texlive/2023/texmf-dist/tex/latex/subfiles/subfiles.sty
Package: subfiles 2020/11/14 v2.2 Multi-file projects (package)
) (/usr/local/texlive/2023/texmf-dist/tex/latex/listings/listings.sty
\lst@mode=\count304
\lst@gtempboxa=\box64
\lst@token=\toks24
\lst@length=\count305
\lst@currlwidth=\dimen179
\lst@column=\count306
\lst@pos=\count307
\lst@lostspace=\dimen180
\lst@width=\dimen181
\lst@newlines=\count308
\lst@lineno=\count309
\lst@maxwidth=\dimen182
 (/usr/local/texlive/2023/texmf-dist/tex/latex/listings/lstmisc.sty
File: lstmisc.sty 2023/02/27 1.9 (Carsten Heinz)
\c@lstnumber=\count310
\lst@skipnumbers=\count311
\lst@framebox=\box65
) (/usr/local/texlive/2023/texmf-dist/tex/latex/listings/listings.cfg
File: listings.cfg 2023/02/27 1.9 listings configuration
))
Package: listings 2023/02/27 1.9 (Carsten Heinz)
)
Package translations Info: No language package found. I am going to use `english' as default language. on input line 8.
 (./problems.aux)
\openout1 = `problems.aux'.

LaTeX Font Info:    Checking defaults for OML/cmm/m/it on input line 8.
LaTeX Font Info:    ... okay on input line 8.
LaTeX Font Info:    Checking defaults for OMS/cmsy/m/n on input line 8.
LaTeX Font Info:    ... okay on input line 8.
LaTeX Font Info:    Checking defaults for OT1/cmr/m/n on input line 8.
LaTeX Font Info:    ... okay on input line 8.
LaTeX Font Info:    Checking defaults for T1/cmr/m/n on input line 8.
LaTeX Font Info:    ... okay on input line 8.
LaTeX Font Info:    Checking defaults for TS1/cmr/m/n on input line 8.
LaTeX Font Info:    ... okay on input line 8.
LaTeX Font Info:    Checking defaults for OMX/cmex/m/n on input line 8.
LaTeX Font Info:    ... okay on input line 8.
LaTeX Font Info:    Checking defaults for U/cmr/m/n on input line 8.
LaTeX Font Info:    ... okay on input line 8.
LaTeX Font Info:    Checking defaults for PD1/pdf/m/n on input line 8.
LaTeX Font Info:    ... okay on input line 8.
LaTeX Font Info:    Checking defaults for PU/pdf/m/n on input line 8.
LaTeX Font Info:    ... okay on input line 8.

*geometry* driver: auto-detecting
*geometry* detected driver: pdftex
*geometry* verbose mode - [ preamble ] result:
* driver: pdftex
* paper: a4paper
* layout: <same size as paper>
* layoutoffset:(h,v)=(0.0pt,0.0pt)
* modes: 
* h-part:(L,W,R)=(72.26999pt, 452.9679pt, 72.26999pt)
* v-part:(T,H,B)=(72.26999pt, 671.37021pt, 101.40665pt)
* \paperwidth=597.50787pt
* \paperheight=845.04684pt
* \textwidth=452.9679pt
* \textheight=671.37021pt
* \oddsidemargin=0.0pt
* \evensidemargin=0.0pt
* \topmargin=-37.0pt
* \headheight=12.0pt
* \headsep=25.0pt
* \topskip=10.0pt
* \footskip=30.0pt
* \marginparwidth=65.0pt
* \marginparsep=11.0pt
* \columnsep=10.0pt
* \skip\footins=9.0pt plus 4.0pt minus 2.0pt
* \hoffset=0.0pt
* \voffset=0.0pt
* \mag=1000
* \@twocolumnfalse
* \@twosidefalse
* \@mparswitchfalse
* \@reversemarginfalse
* (1in=72.27pt=25.4mm, 1cm=28.453pt)

(/usr/local/texlive/2023/texmf-dist/tex/context/base/mkii/supp-pdf.mkii
[Loading MPS to PDF converter (version 2006.09.02).]
\scratchcounter=\count312
\scratchdimen=\dimen183
\scratchbox=\box66
\nofMPsegments=\count313
\nofMParguments=\count314
\everyMPshowfont=\toks25
\MPscratchCnt=\count315
\MPscratchDim=\dimen184
\MPnumerator=\count316
\makeMPintoPDFobject=\count317
\everyMPtoPDFconversion=\toks26
) (/usr/local/texlive/2023/texmf-dist/tex/latex/epstopdf-pkg/epstopdf-base.sty
Package: epstopdf-base 2020-01-24 v2.11 Base part for package epstopdf
Package epstopdf-base Info: Redefining graphics rule for `.eps' on input line 485.
 (/usr/local/texlive/2023/texmf-dist/tex/latex/latexconfig/epstopdf-sys.cfg
File: epstopdf-sys.cfg 2010/07/13 v1.3 Configuration of (r)epstopdf for TeX Live
)) (/usr/local/texlive/2023/texmf-dist/tex/latex/translations/translations-basic-dictionary-english.trsl
File: translations-basic-dictionary-english.trsl (english translation file `translations-basic-dictionary')
)
Package translations Info: loading dictionary `translations-basic-dictionary' for `english'. on input line 8.
Package hyperref Info: Link coloring ON on input line 8.
 (./problems.out) (./problems.out)
\@outlinefile=\write3
\openout3 = `problems.out'.

Package caption Info: Begin \AtBeginDocument code.
Package caption Info: listings package is loaded.
Package caption Info: End \AtBeginDocument code.
\c@lstlisting=\count318
LaTeX Font Info:    Trying to load font information for U+esint on input line 11.
 (/usr/local/texlive/2023/texmf-dist/tex/latex/esint/uesint.fd
File: uesint.fd 
) (./problems.toc)
\tf@toc=\write4
\openout4 = `problems.toc'.

 [1

{/usr/local/texlive/2023/texmf-var/fonts/map/pdftex/updmap/pdftex.map}] (./chapters/chapter1.tex [2] (./images/fig1_7.pdf_tex
<images//fig1_7.pdf, id=48, page=1, 282.8661pt x 228.30003pt>
File: images//fig1_7.pdf Graphic file (type pdf)
<use images//fig1_7.pdf, page 1>
Package pdftex.def Info: images//fig1_7.pdf , page1 used on input line 56.
(pdftex.def)             Requested size: 170.63812pt x 137.72307pt.
<images//fig1_7.pdf, id=49, page=2, 282.8661pt x 228.30003pt>
File: images//fig1_7.pdf Graphic file (type pdf)
<use images//fig1_7.pdf, page 2>
Package pdftex.def Info: images//fig1_7.pdf , page2 used on input line 58.
(pdftex.def)             Requested size: 170.63812pt x 137.72307pt.
<images//fig1_7.pdf, id=50, page=3, 282.8661pt x 228.30003pt>
File: images//fig1_7.pdf Graphic file (type pdf)
<use images//fig1_7.pdf, page 3>
Package pdftex.def Info: images//fig1_7.pdf , page3 used on input line 60.
(pdftex.def)             Requested size: 170.63812pt x 137.72307pt.
) [3 <./images//fig1_7.pdf> <./images//fig1_7.pdf

pdfTeX warning: pdflatex (file ./images//fig1_7.pdf): PDF inclusion: multiple pdfs with page group included in a single page
> <./images//fig1_7.pdf

pdfTeX warning: pdflatex (file ./images//fig1_7.pdf): PDF inclusion: multiple pdfs with page group included in a single page
>]
<images//fig1_9.png, id=62, 188.7258pt x 141.73158pt>
File: images//fig1_9.png Graphic file (type png)
<use images//fig1_9.png>
Package pdftex.def Info: images//fig1_9.png  used on input line 182.
(pdftex.def)             Requested size: 188.72533pt x 141.73122pt.
<images//fig1_11.png, id=64, 268.8444pt x 228.3732pt>
File: images//fig1_11.png Graphic file (type png)
<use images//fig1_11.png>
Package pdftex.def Info: images//fig1_11.png  used on input line 212.
(pdftex.def)             Requested size: 215.0758pt x 182.69879pt.
 [4 <./images//fig1_9.png> <./images//fig1_11.png>]
<images//fig1_13.png, id=75, 158.46703pt x 120.0736pt>
File: images//fig1_13.png Graphic file (type png)
<use images//fig1_13.png>
Package pdftex.def Info: images//fig1_13.png  used on input line 230.
(pdftex.def)             Requested size: 142.61899pt x 108.0652pt.
 [5 <./images//fig1_13.png>]
<images//fig1_23.png, id=89, 209.65828pt x 104.45273pt>
File: images//fig1_23.png Graphic file (type png)
<use images//fig1_23.png>
Package pdftex.def Info: images//fig1_23.png  used on input line 343.
(pdftex.def)             Requested size: 188.69069pt x 94.00658pt.
 [6 <./images//fig1_23.png>]
pdfTeX warning (ext4): destination with the same identifier (name{equation.1.1}) has been already used, duplicate ignored
<to be read again> 
                   \relax 
l.399 \begin{equation}
                       \tag{1.25} \label{eq1.25}
pdfTeX warning (ext4): destination with the same identifier (name{equation.1.1}) has been already used, duplicate ignored
<to be read again> 
                   \relax 
l.399 \begin{equation}
                       \tag{1.25} \label{eq1.25}
pdfTeX warning (ext4): destination with the same identifier (name{equation.1.1}) has been already used, duplicate ignored
<to be read again> 
                   \relax 
l.399 \begin{equation}
                       \tag{1.25} \label{eq1.25}
pdfTeX warning (ext4): destination with the same identifier (name{equation.1.1}) has been already used, duplicate ignored
<to be read again> 
                   \relax 
l.399 \begin{equation}
                       \tag{1.25} \label{eq1.25}
pdfTeX warning (ext4): destination with the same identifier (name{equation.1.1}) has been already used, duplicate ignored
<to be read again> 
                   \relax 
l.405 \begin{equation}
                       \tag{1.26} \label{eq1.26}
pdfTeX warning (ext4): destination with the same identifier (name{equation.1.1}) has been already used, duplicate ignored
<to be read again> 
                   \relax 
l.405 \begin{equation}
                       \tag{1.26} \label{eq1.26}
pdfTeX warning (ext4): destination with the same identifier (name{equation.1.1}) has been already used, duplicate ignored
<to be read again> 
                   \relax 
l.405 \begin{equation}
                       \tag{1.26} \label{eq1.26}
pdfTeX warning (ext4): destination with the same identifier (name{equation.1.1}) has been already used, duplicate ignored
<to be read again> 
                   \relax 
l.405 \begin{equation}
                       \tag{1.26} \label{eq1.26}
pdfTeX warning (ext4): destination with the same identifier (name{equation.1.1}) has been already used, duplicate ignored
<to be read again> 
                   \relax 
l.412 \begin{equation}
                       \tag{1.27} \label{eq1.27}
pdfTeX warning (ext4): destination with the same identifier (name{equation.1.1}) has been already used, duplicate ignored
<to be read again> 
                   \relax 
l.412 \begin{equation}
                       \tag{1.27} \label{eq1.27}
pdfTeX warning (ext4): destination with the same identifier (name{equation.1.1}) has been already used, duplicate ignored
<to be read again> 
                   \relax 
l.412 \begin{equation}
                       \tag{1.27} \label{eq1.27}
pdfTeX warning (ext4): destination with the same identifier (name{equation.1.1}) has been already used, duplicate ignored
<to be read again> 
                   \relax 
l.412 \begin{equation}
                       \tag{1.27} \label{eq1.27}
pdfTeX warning (ext4): destination with the same identifier (name{equation.1.1}) has been already used, duplicate ignored
<to be read again> 
                   \relax 
l.419 \begin{equation}
                       \tag{1.28} \label{eq1.28}
pdfTeX warning (ext4): destination with the same identifier (name{equation.1.1}) has been already used, duplicate ignored
<to be read again> 
                   \relax 
l.419 \begin{equation}
                       \tag{1.28} \label{eq1.28}
pdfTeX warning (ext4): destination with the same identifier (name{equation.1.1}) has been already used, duplicate ignored
<to be read again> 
                   \relax 
l.419 \begin{equation}
                       \tag{1.28} \label{eq1.28}
pdfTeX warning (ext4): destination with the same identifier (name{equation.1.1}) has been already used, duplicate ignored
<to be read again> 
                   \relax 
l.419 \begin{equation}
                       \tag{1.28} \label{eq1.28}
pdfTeX warning (ext4): destination with the same identifier (name{equation.1.1}) has been already used, duplicate ignored
<to be read again> 
                   \relax 
l.425 \begin{equation}
                       \tag{1.29} \label{eq1.29}
pdfTeX warning (ext4): destination with the same identifier (name{equation.1.1}) has been already used, duplicate ignored
<to be read again> 
                   \relax 
l.425 \begin{equation}
                       \tag{1.29} \label{eq1.29}
pdfTeX warning (ext4): destination with the same identifier (name{equation.1.1}) has been already used, duplicate ignored
<to be read again> 
                   \relax 
l.425 \begin{equation}
                       \tag{1.29} \label{eq1.29}
pdfTeX warning (ext4): destination with the same identifier (name{equation.1.1}) has been already used, duplicate ignored
<to be read again> 
                   \relax 
l.425 \begin{equation}
                       \tag{1.29} \label{eq1.29} [7] [8] [9] [10]
pdfTeX warning (ext4): destination with the same identifier (name{equation.1.1}) has been already used, duplicate ignored
<to be read again> 
                   \relax 
l.661 \begin{equation}
                       \tag{1.59} \label{eq1.59}
pdfTeX warning (ext4): destination with the same identifier (name{equation.1.1}) has been already used, duplicate ignored
<to be read again> 
                   \relax 
l.661 \begin{equation}
                       \tag{1.59} \label{eq1.59}
pdfTeX warning (ext4): destination with the same identifier (name{equation.1.1}) has been already used, duplicate ignored
<to be read again> 
                   \relax 
l.661 \begin{equation}
                       \tag{1.59} \label{eq1.59}
pdfTeX warning (ext4): destination with the same identifier (name{equation.1.1}) has been already used, duplicate ignored
<to be read again> 
                   \relax 
l.661 \begin{equation}
                       \tag{1.59} \label{eq1.59}
pdfTeX warning (ext4): destination with the same identifier (name{equation.1.1}) has been already used, duplicate ignored
<to be read again> 
                   \relax 
l.668 \begin{equation}
                       \tag{1.42} \label{eq1.42}
pdfTeX warning (ext4): destination with the same identifier (name{equation.1.1}) has been already used, duplicate ignored
<to be read again> 
                   \relax 
l.668 \begin{equation}
                       \tag{1.42} \label{eq1.42}
pdfTeX warning (ext4): destination with the same identifier (name{equation.1.1}) has been already used, duplicate ignored
<to be read again> 
                   \relax 
l.668 \begin{equation}
                       \tag{1.42} \label{eq1.42}
pdfTeX warning (ext4): destination with the same identifier (name{equation.1.1}) has been already used, duplicate ignored
<to be read again> 
                   \relax 
l.668 \begin{equation}
                       \tag{1.42} \label{eq1.42}
pdfTeX warning (ext4): destination with the same identifier (name{equation.1.1}) has been already used, duplicate ignored
<to be read again> 
                   \relax 
l.671 \begin{equation}
                      
pdfTeX warning (ext4): destination with the same identifier (name{equation.1.1}) has been already used, duplicate ignored
<to be read again> 
                   \relax 
l.671 \begin{equation}
                      
pdfTeX warning (ext4): destination with the same identifier (name{equation.1.1}) has been already used, duplicate ignored
<to be read again> 
                   \relax 
l.671 \begin{equation}
                      
pdfTeX warning (ext4): destination with the same identifier (name{equation.1.1}) has been already used, duplicate ignored
<to be read again> 
                   \relax 
l.671 \begin{equation}
                      
<images//fig1_43.png, id=139, 821.0675pt x 297.11pt>
File: images//fig1_43.png Graphic file (type png)
<use images//fig1_43.png>
Package pdftex.def Info: images//fig1_43.png  used on input line 679.
(pdftex.def)             Requested size: 410.53275pt x 148.55463pt.

pdfTeX warning (ext4): destination with the same identifier (name{equation.1.1}) has been already used, duplicate ignored
<to be read again> 
                   \relax 
l.688 \begin{equation}
                       \tag{1.60} \label{eq1.60}
pdfTeX warning (ext4): destination with the same identifier (name{equation.1.1}) has been already used, duplicate ignored
<to be read again> 
                   \relax 
l.688 \begin{equation}
                       \tag{1.60} \label{eq1.60}
pdfTeX warning (ext4): destination with the same identifier (name{equation.1.1}) has been already used, duplicate ignored
<to be read again> 
                   \relax 
l.688 \begin{equation}
                       \tag{1.60} \label{eq1.60}
pdfTeX warning (ext4): destination with the same identifier (name{equation.1.1}) has been already used, duplicate ignored
<to be read again> 
                   \relax 
l.688 \begin{equation}
                       \tag{1.60} \label{eq1.60} [11 <./images//fig1_43.png>]
<images//fig1_47.png, id=158, 195.73125pt x 192.5318pt>
File: images//fig1_47.png Graphic file (type png)
<use images//fig1_47.png>
Package pdftex.def Info: images//fig1_47.png  used on input line 733.
(pdftex.def)             Requested size: 195.73076pt x 192.53131pt.
 [12 <./images//fig1_47.png>] (/usr/local/texlive/2023/texmf-dist/tex/latex/listings/lstlang1.sty
File: lstlang1.sty 2023/02/27 1.9 listings language file
)
Package hyperref Info: bookmark level for unknown lstlisting defaults to 0 on input line 801.
 (./chapters//../code/skateboard.py [13]
LaTeX Font Info:    Trying to load font information for TS1+cmtt on input line 35.
 (/usr/local/texlive/2023/texmf-dist/tex/latex/base/ts1cmtt.fd
File: ts1cmtt.fd 2022/07/10 v2.5l Standard LaTeX font definitions
))
<images//fig1_51.png, id=211, 462.528pt x 346.896pt>
File: images//fig1_51.png Graphic file (type png)
<use images//fig1_51.png>
Package pdftex.def Info: images//fig1_51.png  used on input line 806.
(pdftex.def)             Requested size: 231.26343pt x 173.44757pt.
) [14{/usr/local/texlive/2023/texmf-dist/fonts/enc/dvips/cm-super/cm-super-ts1.enc} <./images//fig1_51.png>] (./chapters/chapter2.tex [15]
<images//fig2_5.png, id=240, 227.72578pt x 140.02313pt>
File: images//fig2_5.png Graphic file (type png)
<use images//fig2_5.png>
Package pdftex.def Info: images//fig2_5.png  used on input line 123.
(pdftex.def)             Requested size: 226.48395pt x 139.26215pt.
 [16 <./images//fig2_5.png>]
<images//fig2_11.png, id=251, 117.43875pt x 147.92766pt>
File: images//fig2_11.png Graphic file (type png)
<use images//fig2_11.png>
Package pdftex.def Info: images//fig2_11.png  used on input line 169.
(pdftex.def)             Requested size: 117.43845pt x 147.92728pt.
 [17] [18 <./images//fig2_11.png>] [19]
<images//fig2_21a.png, id=274, 125.0271pt x 158.63264pt>
File: images//fig2_21a.png Graphic file (type png)
<use images//fig2_21a.png>
Package pdftex.def Info: images//fig2_21a.png  used on input line 310.
(pdftex.def)             Requested size: 125.02678pt x 158.63225pt.
 [20] [21 <./images//fig2_21a.png>] [22] [23]
<images//fig2_33a.png, id=302, 419.8887pt x 310.0383pt>
File: images//fig2_33a.png Graphic file (type png)
<use images//fig2_33a.png>
Package pdftex.def Info: images//fig2_33a.png  used on input line 499.
(pdftex.def)             Requested size: 221.95676pt x 163.89374pt.
<images//fig2_33b.png, id=303, 421.3341pt x 310.0383pt>
File: images//fig2_33b.png Graphic file (type png)
<use images//fig2_33b.png>
Package pdftex.def Info: images//fig2_33b.png  used on input line 504.
(pdftex.def)             Requested size: 221.95676pt x 163.32603pt.
 [24 <./images//fig2_33a.png> <./images//fig2_33b.png>] [25] [26] [27] [28] (./chapters//../code/basketball.py) [29]
<images//fig2_43.png, id=415, 462.528pt x 346.896pt>
File: images//fig2_43.png Graphic file (type png)
<use images//fig2_43.png>
Package pdftex.def Info: images//fig2_43.png  used on input line 731.
(pdftex.def)             Requested size: 271.7835pt x 203.8464pt.
 [30 <./images//fig2_43.png>] [31] [32] [33]
<images//fig2_55.png, id=445, 1076.1003pt x 715.473pt>
File: images//fig2_55.png Graphic file (type png)
<use images//fig2_55.png>
Package pdftex.def Info: images//fig2_55.png  used on input line 972.
(pdftex.def)             Requested size: 271.7835pt x 180.7019pt.
) [34 <./images//fig2_55.png>] (./chapters/chapter3.tex
<chapters//../images/fig3_3.png, id=452, 124.96687pt x 158.65523pt>
File: chapters//../images/fig3_3.png Graphic file (type png)
<use chapters//../images/fig3_3.png>
Package pdftex.def Info: chapters//../images/fig3_3.png  used on input line 59.
(pdftex.def)             Requested size: 135.89174pt x 172.54341pt.
 [35] [36 <./chapters//../images/fig3_3.png>] [37]
<chapters//../images/fig3_15.png, id=480, 172.41759pt x 191.332pt>
File: chapters//../images/fig3_15.png Graphic file (type png)
<use chapters//../images/fig3_15.png>
Package pdftex.def Info: chapters//../images/fig3_15.png  used on input line 235.
(pdftex.def)             Requested size: 135.89174pt x 150.8061pt.
 [38]
<chapters//../images/fig3_19.png, id=488, 256.26208pt x 199.80115pt>
File: chapters//../images/fig3_19.png Graphic file (type png)
<use chapters//../images/fig3_19.png>
Package pdftex.def Info: chapters//../images/fig3_19.png  used on input line 268.
(pdftex.def)             Requested size: 181.18439pt x 141.26834pt.
 [39 <./chapters//../images/fig3_15.png>]
<chapters//../images/fig3_23a.png, id=498, 225.7233pt x 193.9245pt>
File: chapters//../images/fig3_23a.png Graphic file (type png)
<use chapters//../images/fig3_23a.png>
Package pdftex.def Info: chapters//../images/fig3_23a.png  used on input line 300.
(pdftex.def)             Requested size: 226.48395pt x 194.58092pt.
 [40 <./chapters//../images/fig3_19.png> <./chapters//../images/fig3_23a.png>] (./chapters//../code/3_23.py [41])
<chapters//../images/fig3_23b.png, id=573, 238.491pt x 193.9245pt>
File: chapters//../images/fig3_23b.png Graphic file (type png)
<use chapters//../images/fig3_23b.png>
Package pdftex.def Info: chapters//../images/fig3_23b.png  used on input line 319.
(pdftex.def)             Requested size: 226.48395pt x 184.16507pt.
 [42 <./chapters//../images/fig3_23b.png>] [43]
<chapters//../images/fig3_35.png, id=630, 74.66959pt x 90.90211pt>
File: chapters//../images/fig3_35.png Graphic file (type png)
<use chapters//../images/fig3_35.png>
Package pdftex.def Info: chapters//../images/fig3_35.png  used on input line 419.
(pdftex.def)             Requested size: 135.89174pt x 165.46149pt.
 [44]
<chapters//../images/fig3_37.png, id=640, 188.79126pt x 197.11925pt>
File: chapters//../images/fig3_37.png Graphic file (type png)
<use chapters//../images/fig3_37.png>
Package pdftex.def Info: chapters//../images/fig3_37.png  used on input line 455.
(pdftex.def)             Requested size: 135.89174pt x 141.89264pt.
 [45 <./chapters//../images/fig3_35.png> <./chapters//../images/fig3_37.png>]) [46] (./chapters/chapter4.tex [47]
<chapters//../images/fig4_7.png, id=660, 183.07458pt x 193.0964pt>
File: chapters//../images/fig4_7.png Graphic file (type png)
<use chapters//../images/fig4_7.png>
Package pdftex.def Info: chapters//../images/fig4_7.png  used on input line 102.
(pdftex.def)             Requested size: 128.15132pt x 135.16655pt.
 [48 <./chapters//../images/fig4_7.png>] [49] [50] [51] [52]
<chapters//../images/fig4_29.png, id=704, 344.12941pt x 199.23653pt>
File: chapters//../images/fig4_29.png Graphic file (type png)
<use chapters//../images/fig4_29.png>
Package pdftex.def Info: chapters//../images/fig4_29.png  used on input line 458.
(pdftex.def)             Requested size: 240.88895pt x 139.46461pt.
 [53] [54 <./chapters//../images/fig4_29.png>]
<chapters//../images/fig4_33.png, id=721, 558.085pt x 647.41875pt>
File: chapters//../images/fig4_33.png Graphic file (type png)
<use chapters//../images/fig4_33.png>
Package pdftex.def Info: chapters//../images/fig4_33.png  used on input line 527.
(pdftex.def)             Requested size: 111.61502pt x 129.48145pt.
<chapters//../images/fig4_33b.png, id=723, 602.57936pt x 258.5911pt>
File: chapters//../images/fig4_33b.png Graphic file (type png)
<use chapters//../images/fig4_33b.png>
Package pdftex.def Info: chapters//../images/fig4_33b.png  used on input line 544.
(pdftex.def)             Requested size: 421.80267pt x 181.01253pt.
 [55 <./chapters//../images/fig4_33.png> <./chapters//../images/fig4_33b.png>]
<chapters//../images/fig4_37.png, id=738, 605.4024pt x 258.5911pt>
File: chapters//../images/fig4_37.png Graphic file (type png)
<use chapters//../images/fig4_37.png>
Package pdftex.def Info: chapters//../images/fig4_37.png  used on input line 618.
(pdftex.def)             Requested size: 423.7788pt x 181.01253pt.
 [56] [57 <./chapters//../images/fig4_37.png>] [58] [59] [60] [61]) [62] (./problems.aux)
Package rerunfilecheck Info: File `problems.out' has not changed.
(rerunfilecheck)             Checksum: F7A10EF30DAC3ECB8E319A49651C1E62;654.
 ) 
Here is how much of TeX's memory you used:
 18818 strings out of 476025
 348735 string characters out of 5790017
 2204388 words of memory out of 5000000
 38553 multiletter control sequences out of 15000+600000
 523017 words of font info for 75 fonts, out of 8000000 for 9000
 1141 hyphenation exceptions out of 8191
 90i,19n,91p,529b,2781s stack positions out of 10000i,1000n,20000p,200000b,200000s
</usr/local/texlive/2023/texmf-dist/fonts/type1/public/amsfonts/cm/cmbsy10.pfb></usr/local/texlive/2023/texmf-dist/fonts/type1/public/amsfonts/cm/cmbx10.pfb></usr/local/texlive/2023/texmf-dist/fonts/type1/public/amsfonts/cm/cmbx12.pfb></usr/local/texlive/2023/texmf-dist/fonts/type1/public/amsfonts/cm/cmbx7.pfb></usr/local/texlive/2023/texmf-dist/fonts/type1/public/amsfonts/cm/cmex10.pfb></usr/local/texlive/2023/texmf-dist/fonts/type1/public/amsfonts/cm/cmmi10.pfb></usr/local/texlive/2023/texmf-dist/fonts/type1/public/amsfonts/cm/cmmi5.pfb></usr/local/texlive/2023/texmf-dist/fonts/type1/public/amsfonts/cm/cmmi7.pfb></usr/local/texlive/2023/texmf-dist/fonts/type1/public/amsfonts/cm/cmmi9.pfb></usr/local/texlive/2023/texmf-dist/fonts/type1/public/amsfonts/cm/cmmib10.pfb></usr/local/texlive/2023/texmf-dist/fonts/type1/public/amsfonts/cmextra/cmmib7.pfb></usr/local/texlive/2023/texmf-dist/fonts/type1/public/amsfonts/cm/cmr10.pfb></usr/local/texlive/2023/texmf-dist/fonts/type1/public/amsfonts/cm/cmr17.pfb></usr/local/texlive/2023/texmf-dist/fonts/type1/public/amsfonts/cm/cmr5.pfb></usr/local/texlive/2023/texmf-dist/fonts/type1/public/amsfonts/cm/cmr7.pfb></usr/local/texlive/2023/texmf-dist/fonts/type1/public/amsfonts/cm/cmr9.pfb></usr/local/texlive/2023/texmf-dist/fonts/type1/public/amsfonts/cm/cmsy10.pfb></usr/local/texlive/2023/texmf-dist/fonts/type1/public/amsfonts/cm/cmsy5.pfb></usr/local/texlive/2023/texmf-dist/fonts/type1/public/amsfonts/cm/cmsy7.pfb></usr/local/texlive/2023/texmf-dist/fonts/type1/public/amsfonts/cm/cmti10.pfb></usr/local/texlive/2023/texmf-dist/fonts/type1/public/amsfonts/cm/cmtt10.pfb></usr/local/texlive/2023/texmf-dist/fonts/type1/public/amsfonts/cm/cmtt8.pfb></usr/local/texlive/2023/texmf-dist/fonts/type1/public/esint-type1/esint10.pfb></usr/local/texlive/2023/texmf-dist/fonts/type1/public/cm-super/sftt0800.pfb>
Output written on problems.pdf (62 pages, 2656714 bytes).
PDF statistics:
 979 PDF objects out of 1000 (max. 8388607)
 803 compressed objects within 9 object streams
 447 named destinations out of 1000 (max. 500000)
 178 words of extra memory for PDF output out of 10000 (max. 10000000)

